<?xml version="1.0" encoding="UTF-8"?>
<!-- Generated by org.testng.reporters.JUnitXMLReporter -->
<testsuite hostname="DESKTOP-D4N0DVH" ignored="0" name="Run on CHROME" tests="1" failures="1" timestamp="2020-07-04T23:31:03 ICT" time="10.175" errors="0">
  <testcase name="DataTable01_LoadData_TotalColumn" time="0.016" classname="dataTable.DataTable01">
    <failure type="java.lang.NullPointerException">
      <![CDATA[java.lang.NullPointerException
at commons.AbstractPage.findElementByXpath(AbstractPage.java:113)
at commons.AbstractPage.clickToElement(AbstractPage.java:136)
at pageObject.DataTableObject.clickToLoadData(DataTableObject.java:20)
at dataTable.DataTable01.DataTable01_LoadData_TotalColumn(DataTable01.java:39)
at java.util.ArrayList.forEach(Unknown Source)
... Removed 27 stack frames]]>
    </failure>
  </testcase> <!-- DataTable01_LoadData_TotalColumn -->
</testsuite> <!-- Run on CHROME -->
