<?xml version="1.0" encoding="UTF-8"?>
<testng-results skipped="0" failed="0" ignored="0" total="1" passed="1">
  <reporter-output>
  </reporter-output>
  <suite name="Practics" duration-ms="9977" started-at="2020-07-07T21:55:24 ICT" finished-at="2020-07-07T21:55:34 ICT">
    <groups>
    </groups>
    <test name="Run on Chrome" duration-ms="9977" started-at="2020-07-07T21:55:24 ICT" finished-at="2020-07-07T21:55:34 ICT">
      <class name="upload.Upload">
        <test-method status="PASS" signature="beforeClass(java.lang.String, java.lang.String)[pri:0, instance:upload.Upload@7b49cea0]" name="beforeClass" is-config="true" duration-ms="9816" started-at="2020-07-07T21:55:24 ICT" finished-at="2020-07-07T21:55:34 ICT">
          <params>
            <param index="0">
              <value>
                <![CDATA[chrome]]>
              </value>
            </param>
            <param index="1">
              <value>
                <![CDATA[http://blueimp.github.io/jQuery-File-Upload/]]>
              </value>
            </param>
          </params>
          <reporter-output>
          </reporter-output>
        </test-method> <!-- beforeClass -->
        <test-method status="PASS" signature="f()[pri:0, instance:upload.Upload@7b49cea0]" name="f" duration-ms="24" started-at="2020-07-07T21:55:34 ICT" finished-at="2020-07-07T21:55:34 ICT">
          <reporter-output>
          </reporter-output>
        </test-method> <!-- f -->
        <test-method status="PASS" signature="afterClass()[pri:0, instance:upload.Upload@7b49cea0]" name="afterClass" is-config="true" duration-ms="1" started-at="2020-07-07T21:55:34 ICT" finished-at="2020-07-07T21:55:34 ICT">
          <reporter-output>
          </reporter-output>
        </test-method> <!-- afterClass -->
      </class> <!-- upload.Upload -->
    </test> <!-- Run on Chrome -->
  </suite> <!-- Practics -->
</testng-results>
